=== precision_at_k high_rating k=10 2026-04-05T02:09:21Z ===
=== v_recs_equal  (table rows 24,938,800) ===
  k=10  mode=high_rating  sample_seeds=all
  min_rating (>): 4.0  min_ratings_count: off
  seeds: 498,776  lists_with_fewer_than_k: 0
  mean_precision@10: 0.411010
  median_precision@10: 0.400000

=== v_recs_lda  (table rows 24,938,800) ===
  k=10  mode=high_rating  sample_seeds=all
  min_rating (>): 4.0  min_ratings_count: off
  seeds: 498,776  lists_with_fewer_than_k: 0
  mean_precision@10: 0.406834
  median_precision@10: 0.400000

=== v_recs_nmf  (table rows 24,938,800) ===
  k=10  mode=high_rating  sample_seeds=all
  min_rating (>): 4.0  min_ratings_count: off
  seeds: 498,776  lists_with_fewer_than_k: 0
  mean_precision@10: 0.406616
  median_precision@10: 0.400000

=== v_recs_tfidf  (table rows 24,938,800) ===
  k=10  mode=high_rating  sample_seeds=all
  min_rating (>): 4.0  min_ratings_count: off
  seeds: 498,776  lists_with_fewer_than_k: 0
  mean_precision@10: 0.410375
  median_precision@10: 0.400000

